picocom v3.1

port is        : /dev/tty.usbmodem1431102
flowcontrol    : RTS/CTS
baudrate is    : 115200
parity is      : none
databits are   : 8
stopbits are   : 1
escape is      : C-a
local echo is  : no
noinit is      : no
noreset is     : no
hangup is      : no
nolock is      : no
send_cmd is    : sz -vv
receive_cmd is : rz -vv -E
imap is        : lfcrlf,
omap is        : 
emap is        : crcrlf,delbs,
logfile is     : none
initstring     : none
exit_after is  : not set
exit is        : no

!! Settings mismatch !! Type [C-a] [C-v] to see actual port settings
Type [C-a] [C-h] to see available commands
Terminal ready
Testing
Node 0x4da8f2cb
{rx-0} 0, 0, 0, 9, 0, 0, 0, 0, 0, 0, 65535
{rssi-0} 0, -127, -127, -127, -127, -127, -127, -127, -127, -127, 0, 0, 0, 0, 0, 
{td-0} 0, 1, 1, 1, 1, 1, 1, 1, 1, 1, 0, 0, 0, 0, 0, 
{tx-0} :BBBBBBBBB
#R 0, ID: 0x4da8f2cb 0, master: 0x4da8f2cb, tx power: -40 dBm, channel 37 = 2402 MHz (std), msg: 38 bytes, mode: Ble_1Mbit, CE: 0, @ May 23 2019 16:54:31
{rx-1} 0, 0, 0, 9, 0, 0, 0, 0, 0, 0, 65535
{rssi-1} 111, -127, -127, -127, -127, -127, -127, -127, -127, -127, 111, 111, 111, 111, 111, 
{td-1} 0, 1, 1, 1, 1, 1, 1, 1, 1, 1, 0, 0, 0, 0, 0, 
{tx-1} :BBBBBBBBB.....
{rx-2} 0, 0, 0, 9, 0, 0, 0, 0, 0, 0, 65535
{rssi-2} 111, -127, -127, -127, -127, -127, -127, -127, -127, -127, 111, 111, 111, 111, 111, 
{td-2} 0, 1, 1, 1, 1, 1, 1, 1, 1, 1, 0, 0, 0, 0, 0, 
{tx-2} :BBBBBBBBB.....
{rx-3} 0, 0, 0, 9, 0, 0, 0, 0, 0, 0, 65535
{rssi-3} 111, -127, -127, -127, -127, -127, -127, -127, -127, -127, 111, 111, 111, 111, 111, 
{td-3} 0, 1, 1, 1, 1, 1, 1, 1, 1, 1, 0, 0, 0, 0, 0, 
{tx-3} :BBBBBBBBB.....
{rx-4} 0, 0, 0, 9, 0, 0, 0, 0, 0, 0, 65535
{rssi-4} 111, -127, -127, -127, -127, -127, -127, -127, -127, -127, 111, 111, 111, 111, 111, 
{td-4} 0, 1, 1, 1, 1, 1, 1, 1, 1, 1, 0, 0, 0, 0, 0, 
{tx-4} :BBBBBBBBB.....
{rx-5} 0, 0, 0, 9, 0, 0, 0, 0, 0, 0, 65535
{rssi-5} 111, -127, -127, -127, -127, -127, -127, -127, -127, -127, 111, 111, 111, 111, 111, 
{td-5} 0, 1, 1, 1, 1, 1, 1, 1, 1, 1, 0, 0, 0, 0, 0, 
{tx-5} :BBBBBBBBB.....
{rx-6} 0, 0, 0, 9, 0, 0, 0, 0, 0, 0, 65535
{rssi-6} 111, -127, -127, -127, -127, -127, -127, -127, -127, -127, 111, 111, 111, 111, 111, 
{td-6} 0, 1, 1, 1, 1, 1, 1, 1, 1, 1, 0, 0, 0, 0, 0, 
{tx-6} :BBBBBBBBB.....
{rx-7} 0, 0, 0, 9, 0, 0, 0, 0, 0, 0, 65535
{rssi-7} 111, -127, -127, -127, -127, -127, -127, -127, -127, -127, 111, 111, 111, 111, 111, 
{td-7} 0, 1, 1, 1, 1, 1, 1, 1, 1, 1, 0, 0, 0, 0, 0, 
{tx-7} :BBBBBBBBB.....
{rx-8} 0, 0, 0, 9, 0, 0, 0, 0, 0, 0, 65535
{rssi-8} 111, -127, -127, -127, -127, -127, -127, -127, -127, -127, 111, 111, 111, 111, 111, 
{td-8} 0, 1, 1, 1, 1, 1, 1, 1, 1, 1, 0, 0, 0, 0, 0, 
{tx-8} :BBBBBBBBB.....
{rx-9} 0, 0, 0, 9, 0, 0, 0, 0, 0, 0, 65535
{rssi-9} 111, -127, -127, -127, -127, -127, -127, -127, -127, -127, 111, 111, 111, 111, 111, 
{td-9} 0, 1, 1, 1, 1, 1, 1, 1, 1, 1, 0, 0, 0, 0, 0, 
{tx-9} :BBBBBBBBB.....
{rx-10} 0, 0, 0, 9, 0, 0, 0, 0, 0, 0, 65535
{rssi-10} 111, -127, -127, -127, -127, -127, -127, -127, -127, -127, 111, 111, 111, 111, 111, 
{td-10} 0, 1, 1, 1, 1, 1, 1, 1, 1, 1, 0, 0, 0, 0, 0, 
{tx-10} :BBBBBBBBB.....
{rx-11} 0, 0, 0, 9, 0, 0, 0, 0, 0, 0, 65535
{rssi-11} 111, -127, -127, -127, -127, -127, -127, -127, -127, -127, 111, 111, 111, 111, 111, 
{td-11} 0, 1, 1, 1, 1, 1, 1, 1, 1, 1, 0, 0, 0, 0, 0, 
{tx-11} :BBBBBBBBB.....
{rx-12} 0, 0, 0, 9, 0, 0, 0, 0, 0, 0, 65535
{rssi-12} 111, -127, -127, -127, -127, -127, -127, -127, -127, -127, 111, 111, 111, 111, 111, 
{td-12} 0, 1, 1, 1, 1, 1, 1, 1, 1, 1, 0, 0, 0, 0, 0, 
{tx-12} :BBBBBBBBB.....
{rx-13} 0, 0, 0, 9, 0, 0, 0, 0, 0, 0, 65535
{rssi-13} 111, -127, -127, -127, -127, -127, -127, -127, -127, -127, 111, 111, 111, 111, 111, 
{td-13} 0, 1, 1, 1, 1, 1, 1, 1, 1, 1, 0, 0, 0, 0, 0, 
{tx-13} :BBBBBBBBB.....
{rx-14} 0, 0, 0, 9, 0, 0, 0, 0, 0, 0, 65535
{rssi-14} 111, -127, -127, -127, -127, -127, -127, -127, -127, -127, 111, 111, 111, 111, 111, 
{td-14} 0, 1, 1, 1, 1, 1, 1, 1, 1, 1, 0, 0, 0, 0, 0, 
{tx-14} :BBBBBBBBB.....
{rx-15} 0, 0, 0, 9, 0, 0, 0, 0, 0, 0, 65535
{rssi-15} 111, -127, -127, -127, -127, -127, -127, -127, -127, -127, 111, 111, 111, 111, 111, 
{td-15} 0, 1, 1, 1, 1, 1, 1, 1, 1, 1, 0, 0, 0, 0, 0, 
{tx-15} :BBBBBBBBB.....
{rx-16} 0, 0, 0, 9, 0, 0, 0, 0, 0, 0, 65535
{rssi-16} 111, -127, -127, -127, -127, -127, -127, -127, -127, -127, 111, 111, 111, 111, 111, 
{td-16} 0, 1, 1, 1, 1, 1, 1, 1, 1, 1, 0, 0, 0, 0, 0, 
{tx-16} :BBBBBBBBB.....
{rx-17} 0, 0, 0, 9, 0, 0, 0, 0, 0, 0, 65535
{rssi-17} 111, -127, -127, -127, -127, -127, -127, -127, -127, -127, 111, 111, 111, 111, 111, 
{td-17} 0, 1, 1, 1, 1, 1, 1, 1, 1, 1, 0, 0, 0, 0, 0, 
{tx-17} :BBBBBBBBB.....
{rx-18} 0, 0, 0, 9, 0, 0, 0, 0, 0, 0, 65535
{rssi-18} 111, -127, -127, -127, -127, -127, -127, -127, -127, -127, 111, 111, 111, 111, 111, 
{td-18} 0, 1, 1, 1, 1, 1, 1, 1, 1, 1, 0, 0, 0, 0, 0, 
{tx-18} :BBBBBBBBB.....
{rx-19} 0, 0, 0, 9, 0, 0, 0, 0, 0, 0, 65535
{rssi-19} 111, -127, -127, -127, -127, -127, -127, -127, -127, -127, 111, 111, 111, 111, 111, 
{td-19} 0, 1, 1, 1, 1, 1, 1, 1, 1, 1, 0, 0, 0, 0, 0, 
{tx-19} :BBBBBBBBB.....
{rx-20} 0, 0, 0, 9, 0, 0, 0, 0, 0, 0, 65535
{rssi-20} 111, -127, -127, -127, -127, -127, -127, -127, -127, -127, 111, 111, 111, 111, 111, 
{td-20} 0, 1, 1, 1, 1, 1, 1, 1, 1, 1, 0, 0, 0, 0, 0, 
{tx-20} :BBBBBBBBB.....
{rx-21} 0, 0, 0, 9, 0, 0, 0, 0, 0, 0, 65535
{rssi-21} 111, -127, -127, -127, -127, -127, -127, -127, -127, -127, 111, 111, 111, 111, 111, 
{td-21} 0, 1, 1, 1, 1, 1, 1, 1, 1, 1, 0, 0, 0, 0, 0, 
{tx-21} :BBBBBBBBB.....
{rx-22} 0, 0, 0, 9, 0, 0, 0, 0, 0, 0, 65535
{rssi-22} 111, -127, -127, -127, -127, -127, -127, -127, -127, -127, 111, 111, 111, 111, 111, 
{td-22} 0, 1, 1, 1, 1, 1, 1, 1, 1, 1, 0, 0, 0, 0, 0, 
{tx-22} :BBBBBBBBB.....
{rx-23} 0, 0, 0, 9, 0, 0, 0, 0, 0, 0, 65535
{rssi-23} 111, -127, -127, -127, -127, -127, -127, -127, -127, -127, 111, 111, 111, 111, 111, 
{td-23} 0, 1, 1, 1, 1, 1, 1, 1, 1, 1, 0, 0, 0, 0, 0, 
{tx-23} :BBBBBBBBB.....
{rx-24} 0, 0, 0, 9, 0, 0, 0, 0, 0, 0, 65535
{rssi-24} 111, -127, -127, -127, -127, -127, -127, -127, -127, -127, 111, 111, 111, 111, 111, 
{td-24} 0, 1, 1, 1, 1, 1, 1, 1, 1, 1, 0, 0, 0, 0, 0, 
{tx-24} :BBBBBBBBB.....
{rx-25} 0, 0, 0, 9, 0, 0, 0, 0, 0, 0, 65535
{rssi-25} 111, -127, -127, -127, -127, -127, -127, -127, -127, -127, 111, 111, 111, 111, 111, 
{td-25} 0, 1, 1, 1, 1, 1, 1, 1, 1, 1, 0, 0, 0, 0, 0, 
{tx-25} :BBBBBBBBB.....
{rx-26} 0, 0, 0, 9, 0, 0, 0, 0, 0, 0, 65535
{rssi-26} 111, -127, -127, -127, -127, -127, -127, -127, -127, -127, 111, 111, 111, 111, 111, 
{td-26} 0, 1, 1, 1, 1, 1, 1, 1, 1, 1, 0, 0, 0, 0, 0, 
{tx-26} :BBBBBBBBB.....
{rx-27} 0, 0, 0, 9, 0, 0, 0, 0, 0, 0, 65535
{rssi-27} 111, -127, -127, -127, -127, -127, -127, -127, -127, -127, 111, 111, 111, 111, 111, 
{td-27} 0, 1, 1, 1, 1, 1, 1, 1, 1, 1, 0, 0, 0, 0, 0, 
{tx-27} :BBBBBBBBB.....
{rx-28} 0, 0, 0, 9, 0, 0, 0, 0, 0, 0, 65535
{rssi-28} 111, -127, -127, -127, -127, -127, -127, -127, -127, -127, 111, 111, 111, 111, 111, 
{td-28} 0, 1, 1, 1, 1, 1, 1, 1, 1, 1, 0, 0, 0, 0, 0, 
{tx-28} :BBBBBBBBB.....
{rx-29} 0, 0, 0, 9, 0, 0, 0, 0, 0, 0, 65535
{rssi-29} 111, -127, -127, -127, -127, -127, -127, -127, -127, -127, 111, 111, 111, 111, 111, 
{td-29} 0, 1, 1, 1, 1, 1, 1, 1, 1, 1, 0, 0, 0, 0, 0, 
{tx-29} :BBBBBBBBB.....
{rx-30} 0, 0, 0, 9, 0, 0, 0, 0, 0, 0, 65535
{rssi-30} 111, -127, -127, -127, -127, -127, -127, -127, -127, -127, 111, 111, 111, 111, 111, 
{td-30} 0, 1, 1, 1, 1, 1, 1, 1, 1, 1, 0, 0, 0, 0, 0, 
{tx-30} :BBBBBBBBB.....
{rx-31} 0, 0, 0, 9, 0, 0, 0, 0, 0, 0, 65535
{rssi-31} 111, -127, -127, -127, -127, -127, -127, -127, -127, -127, 111, 111, 111, 111, 111, 
{td-31} 0, 1, 1, 1, 1, 1, 1, 1, 1, 1, 0, 0, 0, 0, 0, 
{tx-31} :BBBBBBBBB.....
{rx-32} 0, 0, 0, 9, 0, 0, 0, 0, 0, 0, 65535
{rssi-32} 111, -127, -127, -127, -127, -127, -127, -127, -127, -127, 111, 111, 111, 111, 111, 
{td-32} 0, 1, 1, 1, 1, 1, 1, 1, 1, 1, 0, 0, 0, 0, 0, 
{tx-32} :BBBBBBBBB.....
#R 32, ID: 0x4da8f2cb 0, master: 0x4da8f2cb, tx power: -40 dBm, channel 37 = 2402 MHz (std), msg: 38 bytes, mode: Ble_1Mbit, CE: 0, @ May 23 2019 16:54:31
{rx-33} 0, 0, 0, 9, 0, 0, 0, 0, 0, 0, 65535
{rssi-33} 111, -127, -127, -127, -127, -127, -127, -127, -127, -127, 111, 111, 111, 111, 111, 
{td-33} 0, 1, 1, 1, 1, 1, 1, 1, 1, 1, 0, 0, 0, 0, 0, 
{tx-33} :BBBBBBBBB.....
{rx-34} 0, 0, 0, 9, 0, 0, 0, 0, 0, 0, 65535
{rssi-34} 111, -127, -127, -127, -127, -127, -127, -127, -127, -127, 111, 111, 111, 111, 111, 
{td-34} 0, 1, 1, 1, 1, 1, 1, 1, 1, 1, 0, 0, 0, 0, 0, 
{tx-34} :BBBBBBBBB.....
{rx-35} 0, 0, 0, 9, 0, 0, 0, 0, 0, 0, 65535
{rssi-35} 111, -127, -127, -127, -127, -127, -127, -127, -127, -127, 111, 111, 111, 111, 111, 
{td-35} 0, 1, 1, 1, 1, 1, 1, 1, 1, 1, 0, 0, 0, 0, 0, 
{tx-35} :BBBBBBBBB.....
{rx-36} 0, 0, 0, 9, 0, 0, 0, 0, 0, 0, 65535
{rssi-36} 111, -127, -127, -127, -127, -127, -127, -127, -127, -127, 111, 111, 111, 111, 111, 
{td-36} 0, 1, 1, 1, 1, 1, 1, 1, 1, 1, 0, 0, 0, 0, 0, 
{tx-36} :BBBBBBBBB.....
{rx-37} 0, 0, 0, 9, 0, 0, 0, 0, 0, 0, 65535
{rssi-37} 111, -127, -127, -127, -127, -127, -127, -127, -127, -127, 111, 111, 111, 111, 111, 
{td-37} 0, 1, 1, 1, 1, 1, 1, 1, 1, 1, 0, 0, 0, 0, 0, 
{tx-37} :BBBBBBBBB.....
{rx-38} 0, 0, 0, 9, 0, 0, 0, 0, 0, 0, 65535
{rssi-38} 111, -127, -127, -127, -127, -127, -127, -127, -127, -127, 111, 111, 111, 111, 111, 
{td-38} 0, 1, 1, 1, 1, 1, 1, 1, 1, 1, 0, 0, 0, 0, 0, 
{tx-38} :BBBBBBBBB.....
{rx-39} 0, 0, 0, 9, 0, 0, 0, 0, 0, 0, 65535
{rssi-39} 111, -127, -127, -127, -127, -127, -127, -127, -127, -127, 111, 111, 111, 111, 111, 
{td-39} 0, 1, 1, 1, 1, 1, 1, 1, 1, 1, 0, 0, 0, 0, 0, 
{tx-39} :BBBBBBBBB.....
{rx-40} 0, 0, 0, 9, 0, 0, 0, 0, 0, 0, 65535
{rssi-40} 111, -127, -127, -127, -127, -127, -127, -127, -127, -127, 111, 111, 111, 111, 111, 
{td-40} 0, 1, 1, 1, 1, 1, 1, 1, 1, 1, 0, 0, 0, 0, 0, 
{tx-40} :BBBBBBBBB.....
{rx-41} 0, 0, 0, 9, 0, 0, 0, 0, 0, 0, 65535
{rssi-41} 111, -127, -127, -127, -127, -127, -127, -127, -127, -127, 111, 111, 111, 111, 111, 
{td-41} 0, 1, 1, 1, 1, 1, 1, 1, 1, 1, 0, 0, 0, 0, 0, 
{tx-41} :BBBBBBBBB.....
{rx-42} 0, 0, 0, 9, 0, 0, 0, 0, 0, 0, 65535
{rssi-42} 111, -127, -127, -127, -127, -127, -127, -127, -127, -127, 111, 111, 111, 111, 111, 
{td-42} 0, 1, 1, 1, 1, 1, 1, 1, 1, 1, 0, 0, 0, 0, 0, 
{tx-42} :BBBBBBBBB.....
{rx-43} 0, 0, 0, 9, 0, 0, 0, 0, 0, 0, 65535
{rssi-43} 111, -127, -127, -127, -127, -127, -127, -127, -127, -127, 111, 111, 111, 111, 111, 
{td-43} 0, 1, 1, 1, 1, 1, 1, 1, 1, 1, 0, 0, 0, 0, 0, 
{tx-43} :BBBBBBBBB.....
{rx-44} 0, 0, 0, 9, 0, 0, 0, 0, 0, 0, 65535
{rssi-44} 111, -127, -127, -127, -127, -127, -127, -127, -127, -127, 111, 111, 111, 111, 111, 
{td-44} 0, 1, 1, 1, 1, 1, 1, 1, 1, 1, 0, 0, 0, 0, 0, 
{tx-44} :BBBBBBBBB.....
{rx-45} 0, 0, 0, 9, 0, 0, 0, 0, 0, 0, 65535
{rssi-45} 111, -127, -127, -127, -127, -127, -127, -127, -127, -127, 111, 111, 111, 111, 111, 
{td-45} 0, 1, 1, 1, 1, 1, 1, 1, 1, 1, 0, 0, 0, 0, 0, 
{tx-45} :BBBBBBBBB.....
{rx-46} 0, 0, 0, 9, 0, 0, 0, 0, 0, 0, 65535
{rssi-46} 111, -127, -127, -127, -127, -127, -127, -127, -127, -127, 111, 111, 111, 111, 111, 
{td-46} 0, 1, 1, 1, 1, 1, 1, 1, 1, 1, 0, 0, 0, 0, 0, 
{tx-46} :BBBBBBBBB.....
{rx-47} 0, 0, 0, 9, 0, 0, 0, 0, 0, 0, 65535
{rssi-47} 111, -127, -127, -127, -127, -127, -127, -127, -127, -127, 111, 111, 111, 111, 111, 
{td-47} 0, 1, 1, 1, 1, 1, 1, 1, 1, 1, 0, 0, 0, 0, 0, 
{tx-47} :BBBBBBBBB.....
{rx-48} 0, 0, 0, 9, 0, 0, 0, 0, 0, 0, 65535
{rssi-48} 111, -127, -127, -127, -127, -127, -127, -127, -127, -127, 111, 111, 111, 111, 111, 
{td-48} 0, 1, 1, 1, 1, 1, 1, 1, 1, 1, 0, 0, 0, 0, 0, 
{tx-48} :BBBBBBBBB.....
{rx-49} 0, 0, 0, 9, 0, 0, 0, 0, 0, 0, 65535
{rssi-49} 111, -127, -127, -127, -127, -127, -127, -127, -127, -127, 111, 111, 111, 111, 111, 
{td-49} 0, 1, 1, 1, 1, 1, 1, 1, 1, 1, 0, 0, 0, 0, 0, 
{tx-49} :BBBBBBBBB.....

Terminating...
Thanks for using picocom
